# JRE version: OpenJDK Runtime Environment (21.0.4) (build 21.0.4+-12508038-b607.1)
# Java VM: OpenJDK 64-Bit Server VM (21.0.4+-12508038-b607.1, mixed mode, tiered, compressed oops, compressed class ptrs, g1 gc, windows-amd64)
GC Precious Log:
 CardTable entry size: 512
 Card Set container configuration: InlinePtr #cards 5 size 8 Array Of Cards #cards 12 size 40 Howl #buckets 4 coarsen threshold 1843 Howl Bitmap #cards 512 size 80 coarsen threshold 460 Card regions per heap region 1 cards per card region 2048
 CPUs: 8 total, 8 available
 Memory: 8050M
 Large Page Support: Disabled
 NUMA Support: Disabled
 Compressed Oops: Enabled (32-bit)
 Heap Region Size: 1M
 Heap Min Capacity: 8M
 Heap Initial Capacity: 126M
 Heap Max Capacity: 2G
 Pre-touch: Disabled
 Parallel Workers: 8
 Concurrent Workers: 2
 Concurrent Refinement Workers: 8
 Periodic GC: Disabled
Heap:
 garbage-first heap   total 132096K, used 81006K [0x0000000080000000, 0x0000000100000000)
  region size 1024K, 7 young (7168K), 5 survivors (5120K)
 Metaspace       used 70316K, committed 72128K, reserved 1114112K
  class space    used 9623K, committed 10560K, reserved 1048576K
GC Heap History (20 events):
Event: 11.558 GC heap before
{Heap before GC invocations=15 (full 0):
 garbage-first heap   total 95232K, used 53885K [0x0000000080000000, 0x0000000100000000)
  region size 1024K, 7 young (7168K), 3 survivors (3072K)
 Metaspace       used 49546K, committed 50816K, reserved 1114112K
  class space    used 6678K, committed 7296K, reserved 1048576K
}
Event: 11.561 GC heap after
{Heap after GC invocations=16 (full 0):
 garbage-first heap   total 95232K, used 52090K [0x0000000080000000, 0x0000000100000000)
  region size 1024K, 3 young (3072K), 3 survivors (3072K)
 Metaspace       used 49546K, committed 50816K, reserved 1114112K
  class space    used 6678K, committed 7296K, reserved 1048576K
}
Event: 11.570 GC heap before
{Heap before GC invocations=16 (full 0):
 garbage-first heap   total 95232K, used 54138K [0x0000000080000000, 0x0000000100000000)
  region size 1024K, 4 young (4096K), 3 survivors (3072K)
 Metaspace       used 49546K, committed 50816K, reserved 1114112K
  class space    used 6678K, committed 7296K, reserved 1048576K
}
Event: 11.573 GC heap after
{Heap after GC invocations=17 (full 0):
 garbage-first heap   total 95232K, used 53179K [0x0000000080000000, 0x0000000100000000)
  region size 1024K, 3 young (3072K), 3 survivors (3072K)
 Metaspace       used 49546K, committed 50816K, reserved 1114112K
  class space    used 6678K, committed 7296K, reserved 1048576K
}
Event: 12.378 GC heap before
{Heap before GC invocations=18 (full 0):
 garbage-first heap   total 95232K, used 86971K [0x0000000080000000, 0x0000000100000000)
  region size 1024K, 34 young (34816K), 3 survivors (3072K)
 Metaspace       used 54018K, committed 55488K, reserved 1114112K
  class space    used 7292K, committed 8000K, reserved 1048576K
}
Event: 12.383 GC heap after
{Heap after GC invocations=19 (full 0):
 garbage-first heap   total 95232K, used 53139K [0x0000000080000000, 0x0000000100000000)
  region size 1024K, 5 young (5120K), 5 survivors (5120K)
 Metaspace       used 54018K, committed 55488K, reserved 1114112K
  class space    used 7292K, committed 8000K, reserved 1048576K
}
Event: 13.872 GC heap before
{Heap before GC invocations=19 (full 0):
 garbage-first heap   total 95232K, used 83859K [0x0000000080000000, 0x0000000100000000)
  region size 1024K, 34 young (34816K), 5 survivors (5120K)
 Metaspace       used 56276K, committed 57728K, reserved 1114112K
  class space    used 7642K, committed 8384K, reserved 1048576K
}
Event: 13.880 GC heap after
{Heap after GC invocations=20 (full 0):
 garbage-first heap   total 95232K, used 58722K [0x0000000080000000, 0x0000000100000000)
  region size 1024K, 5 young (5120K), 5 survivors (5120K)
 Metaspace       used 56276K, committed 57728K, reserved 1114112K
  class space    used 7642K, committed 8384K, reserved 1048576K
}
Event: 13.960 GC heap before
{Heap before GC invocations=20 (full 0):
 garbage-first heap   total 95232K, used 61794K [0x0000000080000000, 0x0000000100000000)
  region size 1024K, 9 young (9216K), 5 survivors (5120K)
 Metaspace       used 56344K, committed 57856K, reserved 1114112K
  class space    used 7643K, committed 8384K, reserved 1048576K
}
Event: 13.965 GC heap after
{Heap after GC invocations=21 (full 0):
 garbage-first heap   total 95232K, used 60774K [0x0000000080000000, 0x0000000100000000)
  region size 1024K, 2 young (2048K), 2 survivors (2048K)
 Metaspace       used 56344K, committed 57856K, reserved 1114112K
  class space    used 7643K, committed 8384K, reserved 1048576K
}
Event: 14.440 GC heap before
{Heap before GC invocations=22 (full 0):
 garbage-first heap   total 112640K, used 97638K [0x0000000080000000, 0x0000000100000000)
  region size 1024K, 25 young (25600K), 2 survivors (2048K)
 Metaspace       used 58733K, committed 60352K, reserved 1114112K
  class space    used 7863K, committed 8640K, reserved 1048576K
}
Event: 14.442 GC heap after
{Heap after GC invocations=23 (full 0):
 garbage-first heap   total 112640K, used 75222K [0x0000000080000000, 0x0000000100000000)
  region size 1024K, 4 young (4096K), 4 survivors (4096K)
 Metaspace       used 58733K, committed 60352K, reserved 1114112K
  class space    used 7863K, committed 8640K, reserved 1048576K
}
Event: 14.690 GC heap before
{Heap before GC invocations=23 (full 0):
 garbage-first heap   total 112640K, used 99798K [0x0000000080000000, 0x0000000100000000)
  region size 1024K, 28 young (28672K), 4 survivors (4096K)
 Metaspace       used 59459K, committed 61056K, reserved 1114112K
  class space    used 7987K, committed 8768K, reserved 1048576K
}
Event: 14.693 GC heap after
{Heap after GC invocations=24 (full 0):
 garbage-first heap   total 112640K, used 76476K [0x0000000080000000, 0x0000000100000000)
  region size 1024K, 2 young (2048K), 2 survivors (2048K)
 Metaspace       used 59459K, committed 61056K, reserved 1114112K
  class space    used 7987K, committed 8768K, reserved 1048576K
}
Event: 15.135 GC heap before
{Heap before GC invocations=24 (full 0):
 garbage-first heap   total 112640K, used 100028K [0x0000000080000000, 0x0000000100000000)
  region size 1024K, 26 young (26624K), 2 survivors (2048K)
 Metaspace       used 62889K, committed 64448K, reserved 1114112K
  class space    used 8444K, committed 9216K, reserved 1048576K
}
Event: 15.137 GC heap after
{Heap after GC invocations=25 (full 0):
 garbage-first heap   total 112640K, used 77331K [0x0000000080000000, 0x0000000100000000)
  region size 1024K, 3 young (3072K), 3 survivors (3072K)
 Metaspace       used 62889K, committed 64448K, reserved 1114112K
  class space    used 8444K, committed 9216K, reserved 1048576K
}
Event: 15.921 GC heap before
{Heap before GC invocations=26 (full 0):
 garbage-first heap   total 132096K, used 99859K [0x0000000080000000, 0x0000000100000000)
  region size 1024K, 26 young (26624K), 3 survivors (3072K)
 Metaspace       used 66198K, committed 67840K, reserved 1114112K
  class space    used 8940K, committed 9792K, reserved 1048576K
}
Event: 15.925 GC heap after
{Heap after GC invocations=27 (full 0):
 garbage-first heap   total 132096K, used 78647K [0x0000000080000000, 0x0000000100000000)
  region size 1024K, 4 young (4096K), 4 survivors (4096K)
 Metaspace       used 66198K, committed 67840K, reserved 1114112K
  class space    used 8940K, committed 9792K, reserved 1048576K
}
Event: 16.923 GC heap before
{Heap before GC invocations=27 (full 0):
 garbage-first heap   total 132096K, used 114487K [0x0000000080000000, 0x0000000100000000)
  region size 1024K, 40 young (40960K), 4 survivors (4096K)
 Metaspace       used 70102K, committed 71872K, reserved 1114112K
  class space    used 9575K, committed 10496K, reserved 1048576K
}
Event: 16.928 GC heap after
{Heap after GC invocations=28 (full 0):
 garbage-first heap   total 132096K, used 79982K [0x0000000080000000, 0x0000000100000000)
  region size 1024K, 5 young (5120K), 5 survivors (5120K)
 Metaspace       used 70102K, committed 71872K, reserved 1114112K
  class space    used 9575K, committed 10496K, reserved 1048576K
}

